TN:
SF:src/App.ts
FN:22,(anonymous_1)
FN:50,(anonymous_2)
FN:56,(anonymous_3)
FN:72,(anonymous_4)
FN:92,(anonymous_5)
FN:102,(anonymous_6)
FN:106,(anonymous_7)
FN:116,(anonymous_8)
FN:124,(anonymous_9)
FN:147,(anonymous_10)
FN:158,(anonymous_11)
FN:162,(anonymous_12)
FN:169,(anonymous_13)
FN:175,(anonymous_14)
FNF:14
FNH:8
FNDA:2,(anonymous_1)
FNDA:2,(anonymous_2)
FNDA:0,(anonymous_3)
FNDA:2,(anonymous_4)
FNDA:1,(anonymous_5)
FNDA:1,(anonymous_6)
FNDA:2,(anonymous_7)
FNDA:2,(anonymous_8)
FNDA:2,(anonymous_9)
FNDA:0,(anonymous_10)
FNDA:0,(anonymous_11)
FNDA:0,(anonymous_12)
FNDA:0,(anonymous_13)
FNDA:0,(anonymous_14)
DA:1,2
DA:2,2
DA:3,2
DA:4,2
DA:5,2
DA:6,2
DA:7,2
DA:8,2
DA:9,2
DA:10,2
DA:11,2
DA:12,2
DA:13,2
DA:14,2
DA:15,2
DA:17,2
DA:23,2
DA:24,2
DA:27,2
DA:30,2
DA:33,2
DA:36,2
DA:39,2
DA:42,2
DA:43,2
DA:51,2
DA:52,2
DA:53,2
DA:57,0
DA:60,2
DA:61,2
DA:66,2
DA:76,2
DA:77,2
DA:78,2
DA:82,2
DA:89,2
DA:99,1
DA:103,1
DA:107,2
DA:108,2
DA:109,2
DA:110,2
DA:112,0
DA:117,2
DA:125,2
DA:132,2
DA:133,2
DA:135,2
DA:137,2
DA:139,0
DA:144,0
DA:153,0
DA:158,0
DA:159,0
DA:162,0
DA:163,0
DA:174,0
DA:175,0
DA:176,0
DA:178,0
DA:179,0
LF:62
LH:48
BRDA:42,0,0,2
BRDA:137,1,0,0
BRDA:137,2,0,2
BRDA:137,2,1,0
BRDA:137,2,2,0
BRF:5
BRH:2
end_of_record
TN:
SF:src/routes.ts
FN:14,registerRoutes
FN:28,(anonymous_2)
FNF:2
FNH:2
FNDA:2,registerRoutes
FNDA:12,(anonymous_2)
DA:1,2
DA:2,2
DA:3,2
DA:4,2
DA:5,2
DA:7,2
DA:8,2
DA:14,2
DA:15,2
DA:18,2
DA:28,2
DA:30,12
DA:33,2
LF:13
LH:13
BRF:0
BRH:0
end_of_record
TN:
SF:src/abstractions/ApiError.ts
FN:21,(anonymous_0)
FNF:1
FNH:1
FNDA:14,(anonymous_0)
DA:1,15
DA:15,14
DA:17,14
DA:22,14
DA:23,14
DA:24,14
DA:25,14
DA:26,12
DA:28,14
DA:32,15
LF:10
LH:10
BRDA:21,0,0,14
BRDA:25,1,0,12
BRF:2
BRH:2
end_of_record
TN:
SF:src/components/BaseApi.ts
FN:10,(anonymous_0)
FN:21,(anonymous_1)
FNF:2
FNH:2
FNDA:18,(anonymous_0)
FNDA:31,(anonymous_1)
DA:1,8
DA:2,8
DA:7,8
DA:11,18
DA:22,31
DA:23,31
DA:24,31
LF:7
LH:7
BRDA:21,0,0,25
BRF:1
BRH:1
end_of_record
TN:
SF:src/components/crop/CropController.ts
FN:14,(anonymous_1)
FN:22,(anonymous_2)
FN:37,(anonymous_3)
FN:58,(anonymous_4)
FN:80,(anonymous_5)
FN:108,(anonymous_6)
FN:132,(anonymous_7)
FNF:7
FNH:7
FNDA:3,(anonymous_1)
FNDA:3,(anonymous_2)
FNDA:2,(anonymous_3)
FNDA:2,(anonymous_4)
FNDA:2,(anonymous_5)
FNDA:2,(anonymous_6)
FNDA:2,(anonymous_7)
DA:2,3
DA:3,3
DA:4,3
DA:10,3
DA:12,3
DA:15,3
DA:16,3
DA:23,3
DA:24,3
DA:25,3
DA:26,3
DA:27,3
DA:28,3
DA:42,2
DA:43,2
DA:44,1
DA:46,1
DA:48,2
DA:63,2
DA:64,2
DA:65,1
DA:66,1
DA:68,1
DA:70,2
DA:85,2
DA:86,2
DA:87,2
DA:88,2
DA:92,1
DA:96,1
DA:98,2
DA:113,2
DA:114,2
DA:115,2
DA:116,1
DA:120,1
DA:122,2
DA:137,2
DA:138,2
DA:139,2
DA:140,1
DA:144,1
DA:146,2
LF:43
LH:43
BRF:0
BRH:0
end_of_record
TN:
SF:src/components/crop/CropService.ts
FN:11,(anonymous_1)
FN:21,(anonymous_2)
FN:34,(anonymous_3)
FN:51,(anonymous_4)
FN:61,(anonymous_5)
FNF:5
FNH:5
FNDA:2,(anonymous_1)
FNDA:3,(anonymous_2)
FNDA:3,(anonymous_3)
FNDA:2,(anonymous_4)
FNDA:3,(anonymous_5)
DA:1,4
DA:2,4
DA:3,4
DA:8,4
DA:10,4
DA:12,2
DA:13,2
DA:14,1
DA:16,1
DA:17,1
DA:22,3
DA:23,3
DA:24,2
DA:25,1
DA:27,1
DA:29,2
DA:30,2
DA:38,3
DA:39,3
DA:40,3
DA:41,1
DA:43,2
DA:44,1
DA:46,2
DA:47,2
DA:52,2
DA:53,2
DA:54,1
DA:56,1
DA:57,1
DA:62,3
DA:63,3
DA:67,2
DA:69,1
DA:70,1
LF:35
LH:35
BRDA:24,0,0,1
BRDA:40,1,0,1
BRF:2
BRH:2
end_of_record
TN:
SF:src/components/crop_cycle/CropCycleController.ts
FN:15,(anonymous_1)
FN:23,(anonymous_2)
FN:38,(anonymous_3)
FN:60,(anonymous_4)
FN:83,(anonymous_5)
FN:109,(anonymous_6)
FN:134,(anonymous_7)
FNF:7
FNH:7
FNDA:3,(anonymous_1)
FNDA:3,(anonymous_2)
FNDA:2,(anonymous_3)
FNDA:2,(anonymous_4)
FNDA:2,(anonymous_5)
FNDA:2,(anonymous_6)
FNDA:2,(anonymous_7)
DA:2,3
DA:3,3
DA:4,3
DA:11,3
DA:13,3
DA:16,3
DA:17,3
DA:24,3
DA:25,3
DA:26,3
DA:27,3
DA:28,3
DA:29,3
DA:43,2
DA:45,2
DA:46,1
DA:48,1
DA:50,2
DA:65,2
DA:66,2
DA:68,1
DA:69,1
DA:71,1
DA:73,2
DA:88,2
DA:89,2
DA:90,2
DA:92,2
DA:93,1
DA:97,1
DA:99,2
DA:114,2
DA:115,2
DA:117,2
DA:118,1
DA:122,1
DA:124,2
DA:139,2
DA:140,2
DA:141,2
DA:142,1
DA:146,1
DA:148,2
LF:43
LH:43
BRF:0
BRH:0
end_of_record
TN:
SF:src/components/crop_cycle/CropCycleService.ts
FN:14,(anonymous_1)
FN:34,(anonymous_2)
FN:47,(anonymous_3)
FN:67,(anonymous_4)
FN:79,(anonymous_5)
FNF:5
FNH:5
FNDA:2,(anonymous_1)
FNDA:3,(anonymous_2)
FNDA:3,(anonymous_3)
FNDA:2,(anonymous_4)
FNDA:3,(anonymous_5)
DA:1,4
DA:2,4
DA:3,4
DA:8,4
DA:9,4
DA:10,4
DA:11,4
DA:13,4
DA:15,2
DA:16,2
DA:27,1
DA:29,1
DA:30,1
DA:35,3
DA:36,3
DA:37,2
DA:38,1
DA:40,1
DA:42,2
DA:43,2
DA:51,3
DA:52,3
DA:53,3
DA:54,1
DA:59,2
DA:60,1
DA:62,2
DA:63,2
DA:70,2
DA:71,2
DA:72,1
DA:74,1
DA:75,1
DA:80,3
DA:81,3
DA:85,2
DA:87,1
DA:88,1
LF:38
LH:38
BRDA:37,0,0,1
BRDA:53,1,0,1
BRF:2
BRH:2
end_of_record
TN:
SF:src/components/field/FieldController.ts
FN:15,(anonymous_1)
FN:23,(anonymous_2)
FN:38,(anonymous_3)
FN:59,(anonymous_4)
FN:81,(anonymous_5)
FN:109,(anonymous_6)
FN:133,(anonymous_7)
FNF:7
FNH:7
FNDA:3,(anonymous_1)
FNDA:3,(anonymous_2)
FNDA:2,(anonymous_3)
FNDA:2,(anonymous_4)
FNDA:2,(anonymous_5)
FNDA:2,(anonymous_6)
FNDA:2,(anonymous_7)
DA:2,3
DA:3,3
DA:4,3
DA:11,3
DA:13,3
DA:16,3
DA:17,3
DA:24,3
DA:25,3
DA:26,3
DA:27,3
DA:28,3
DA:29,3
DA:43,2
DA:44,2
DA:45,1
DA:47,1
DA:49,2
DA:64,2
DA:65,2
DA:66,1
DA:67,1
DA:69,1
DA:71,2
DA:86,2
DA:87,2
DA:88,2
DA:89,2
DA:93,1
DA:97,1
DA:99,2
DA:114,2
DA:115,2
DA:116,2
DA:117,1
DA:121,1
DA:123,2
DA:138,2
DA:139,2
DA:140,2
DA:141,1
DA:145,1
DA:147,2
LF:43
LH:43
BRF:0
BRH:0
end_of_record
TN:
SF:src/components/field/FieldService.ts
FN:11,(anonymous_1)
FN:21,(anonymous_2)
FN:34,(anonymous_3)
FN:51,(anonymous_4)
FN:61,(anonymous_5)
FNF:5
FNH:5
FNDA:2,(anonymous_1)
FNDA:3,(anonymous_2)
FNDA:3,(anonymous_3)
FNDA:2,(anonymous_4)
FNDA:3,(anonymous_5)
DA:1,4
DA:2,4
DA:3,4
DA:8,4
DA:10,4
DA:12,2
DA:13,2
DA:14,1
DA:16,1
DA:17,1
DA:22,3
DA:23,3
DA:24,2
DA:25,1
DA:27,1
DA:29,2
DA:30,2
DA:38,3
DA:39,3
DA:40,3
DA:41,1
DA:43,2
DA:44,1
DA:46,2
DA:47,2
DA:52,2
DA:53,2
DA:54,1
DA:56,1
DA:57,1
DA:62,3
DA:63,3
DA:67,2
DA:69,1
DA:70,1
LF:35
LH:35
BRDA:24,0,0,1
BRDA:40,1,0,1
BRF:2
BRH:2
end_of_record
TN:
SF:src/components/organization/OrganizationController.ts
FN:16,(anonymous_1)
FN:24,(anonymous_2)
FN:45,(anonymous_3)
FN:67,(anonymous_4)
FN:90,(anonymous_5)
FN:116,(anonymous_6)
FN:147,(anonymous_7)
FN:171,(anonymous_8)
FNF:8
FNH:8
FNDA:3,(anonymous_1)
FNDA:3,(anonymous_2)
FNDA:2,(anonymous_3)
FNDA:2,(anonymous_4)
FNDA:2,(anonymous_5)
FNDA:3,(anonymous_6)
FNDA:2,(anonymous_7)
FNDA:2,(anonymous_8)
DA:2,3
DA:3,3
DA:4,3
DA:7,3
DA:12,3
DA:14,3
DA:17,3
DA:18,3
DA:25,3
DA:26,3
DA:27,3
DA:28,3
DA:29,3
DA:31,3
DA:36,3
DA:50,2
DA:52,2
DA:53,1
DA:55,1
DA:57,2
DA:72,2
DA:73,2
DA:75,1
DA:76,1
DA:78,1
DA:80,2
DA:95,2
DA:96,2
DA:97,2
DA:99,2
DA:100,1
DA:104,1
DA:106,2
DA:121,3
DA:122,3
DA:123,3
DA:124,1
DA:130,2
DA:131,1
DA:135,1
DA:137,3
DA:152,2
DA:153,2
DA:154,2
DA:155,1
DA:159,1
DA:161,2
DA:176,2
DA:177,2
DA:179,2
DA:182,1
DA:186,1
DA:188,2
LF:53
LH:53
BRDA:123,0,0,1
BRDA:123,1,0,3
BRDA:123,1,1,1
BRF:3
BRH:3
end_of_record
TN:
SF:src/components/organization/OrganizationService.ts
FN:15,(anonymous_1)
FN:19,(anonymous_2)
FN:29,(anonymous_3)
FN:42,(anonymous_4)
FN:62,(anonymous_5)
FN:74,(anonymous_6)
FN:87,(anonymous_7)
FNF:7
FNH:7
FNDA:4,(anonymous_1)
FNDA:2,(anonymous_2)
FNDA:3,(anonymous_3)
FNDA:3,(anonymous_4)
FNDA:2,(anonymous_5)
FNDA:3,(anonymous_6)
FNDA:2,(anonymous_7)
DA:1,4
DA:6,4
DA:8,4
DA:9,4
DA:10,4
DA:12,4
DA:16,4
DA:20,2
DA:21,2
DA:22,1
DA:24,1
DA:25,1
DA:30,3
DA:31,3
DA:32,2
DA:33,1
DA:35,1
DA:37,2
DA:38,2
DA:46,3
DA:47,3
DA:48,3
DA:49,1
DA:54,2
DA:55,1
DA:57,2
DA:58,2
DA:65,2
DA:66,2
DA:67,1
DA:69,1
DA:70,1
DA:75,3
DA:76,3
DA:80,2
DA:82,1
DA:83,1
DA:90,2
DA:92,2
DA:93,1
DA:95,1
DA:96,1
LF:42
LH:42
BRDA:32,0,0,1
BRDA:48,1,0,1
BRF:2
BRH:2
end_of_record
TN:
SF:src/components/property/PropertyController.ts
FN:16,(anonymous_1)
FN:24,(anonymous_2)
FN:39,(anonymous_3)
FN:61,(anonymous_4)
FN:84,(anonymous_5)
FN:110,(anonymous_6)
FN:135,(anonymous_7)
FNF:7
FNH:7
FNDA:3,(anonymous_1)
FNDA:3,(anonymous_2)
FNDA:2,(anonymous_3)
FNDA:2,(anonymous_4)
FNDA:2,(anonymous_5)
FNDA:2,(anonymous_6)
FNDA:2,(anonymous_7)
DA:2,3
DA:3,3
DA:4,3
DA:12,3
DA:14,3
DA:17,3
DA:18,3
DA:25,3
DA:26,3
DA:27,3
DA:28,3
DA:29,3
DA:30,3
DA:44,2
DA:46,2
DA:47,1
DA:49,1
DA:51,2
DA:66,2
DA:67,2
DA:69,1
DA:70,1
DA:72,1
DA:74,2
DA:89,2
DA:90,2
DA:91,2
DA:93,2
DA:94,1
DA:98,1
DA:100,2
DA:115,2
DA:116,2
DA:118,2
DA:119,1
DA:123,1
DA:125,2
DA:140,2
DA:141,2
DA:142,2
DA:143,1
DA:147,1
DA:149,2
LF:43
LH:43
BRF:0
BRH:0
end_of_record
TN:
SF:src/components/property/PropertyService.ts
FN:16,(anonymous_1)
FN:37,(anonymous_2)
FN:55,(anonymous_3)
FN:76,(anonymous_4)
FN:93,(anonymous_5)
FN:105,(anonymous_6)
FNF:6
FNH:6
FNDA:2,(anonymous_1)
FNDA:2,(anonymous_2)
FNDA:3,(anonymous_3)
FNDA:3,(anonymous_4)
FNDA:2,(anonymous_5)
FNDA:3,(anonymous_6)
DA:1,7
DA:2,7
DA:3,7
DA:8,7
DA:9,7
DA:15,7
DA:19,2
DA:20,2
DA:21,2
DA:22,2
DA:23,2
DA:25,2
DA:30,1
DA:32,1
DA:33,1
DA:38,2
DA:39,2
DA:48,1
DA:50,1
DA:51,1
DA:56,3
DA:57,3
DA:66,2
DA:67,1
DA:69,1
DA:71,2
DA:72,2
DA:80,3
DA:81,3
DA:82,3
DA:83,1
DA:85,2
DA:86,1
DA:88,2
DA:89,2
DA:96,2
DA:97,2
DA:98,1
DA:100,1
DA:101,1
DA:106,3
DA:107,3
DA:111,2
DA:113,1
DA:114,1
LF:45
LH:45
BRDA:22,0,0,2
BRDA:66,1,0,1
BRDA:82,2,0,1
BRF:3
BRH:3
end_of_record
TN:
SF:src/components/region/RegionController.ts
FN:15,(anonymous_1)
FN:23,(anonymous_2)
FN:38,(anonymous_3)
FN:60,(anonymous_4)
FN:83,(anonymous_5)
FN:111,(anonymous_6)
FN:136,(anonymous_7)
FNF:7
FNH:7
FNDA:3,(anonymous_1)
FNDA:3,(anonymous_2)
FNDA:2,(anonymous_3)
FNDA:2,(anonymous_4)
FNDA:2,(anonymous_5)
FNDA:2,(anonymous_6)
FNDA:2,(anonymous_7)
DA:2,3
DA:3,3
DA:4,3
DA:11,3
DA:13,3
DA:16,3
DA:17,3
DA:24,3
DA:25,3
DA:26,3
DA:27,3
DA:28,3
DA:29,3
DA:43,2
DA:45,2
DA:46,1
DA:48,1
DA:50,2
DA:65,2
DA:66,2
DA:68,1
DA:69,1
DA:71,1
DA:73,2
DA:88,2
DA:89,2
DA:90,2
DA:91,2
DA:95,1
DA:99,1
DA:101,2
DA:116,2
DA:117,2
DA:119,2
DA:120,1
DA:124,1
DA:126,2
DA:141,2
DA:142,2
DA:143,2
DA:144,1
DA:148,1
DA:150,2
LF:43
LH:43
BRF:0
BRH:0
end_of_record
TN:
SF:src/components/region/RegionService.ts
FN:11,(anonymous_1)
FN:34,(anonymous_2)
FN:47,(anonymous_3)
FN:64,(anonymous_4)
FN:74,(anonymous_5)
FNF:5
FNH:5
FNDA:2,(anonymous_1)
FNDA:3,(anonymous_2)
FNDA:3,(anonymous_3)
FNDA:2,(anonymous_4)
FNDA:3,(anonymous_5)
DA:1,4
DA:2,4
DA:3,4
DA:8,4
DA:10,4
DA:12,2
DA:13,2
DA:27,1
DA:29,1
DA:30,1
DA:35,3
DA:36,3
DA:37,2
DA:38,1
DA:40,1
DA:42,2
DA:43,2
DA:51,3
DA:52,3
DA:53,3
DA:54,1
DA:56,2
DA:57,1
DA:59,2
DA:60,2
DA:65,2
DA:66,2
DA:67,1
DA:69,1
DA:70,1
DA:75,3
DA:76,3
DA:80,2
DA:82,1
DA:83,1
LF:35
LH:35
BRDA:37,0,0,1
BRDA:53,1,0,1
BRF:2
BRH:2
end_of_record
TN:
SF:src/database/index.ts
FNF:0
FNH:0
DA:1,15
DA:2,15
DA:4,15
DA:6,15
DA:12,15
LF:5
LH:5
BRF:0
BRH:0
end_of_record
TN:
SF:src/database/config/index.ts
FNF:0
FNH:0
DA:1,15
DA:2,15
DA:5,15
DA:18,15
DA:28,15
LF:5
LH:5
BRDA:25,0,0,15
BRDA:25,0,1,15
BRF:2
BRH:2
end_of_record
TN:
SF:src/database/models/Crop.ts
FN:6,(anonymous_1)
FNF:1
FNH:1
FNDA:6,(anonymous_1)
DA:1,6
DA:2,6
DA:3,6
DA:6,6
DA:7,6
DA:8,6
DA:9,6
DA:10,6
DA:11,6
DA:12,6
DA:13,6
DA:14,6
DA:15,6
DA:16,6
DA:17,6
DA:18,6
DA:41,6
DA:65,6
DA:67,6
LF:19
LH:19
BRDA:6,0,0,6
BRDA:6,0,1,6
BRF:2
BRH:2
end_of_record
TN:
SF:src/database/models/CropCycle.ts
FN:83,(anonymous_1)
FNF:1
FNH:0
FNDA:0,(anonymous_1)
DA:1,13
DA:2,13
DA:33,13
DA:85,0
DA:91,0
DA:100,13
LF:6
LH:4
BRDA:85,0,0,0
BRDA:86,1,0,0
BRDA:86,1,1,0
BRDA:86,1,2,0
BRDA:86,1,3,0
BRF:5
BRH:0
end_of_record
TN:
SF:src/database/models/Field.ts
FNF:0
FNH:0
DA:1,6
DA:2,6
DA:3,6
DA:4,6
DA:33,6
DA:69,6
DA:70,6
DA:72,6
LF:8
LH:8
BRF:0
BRH:0
end_of_record
TN:
SF:src/database/models/Organization.ts
FNF:0
FNH:0
DA:1,7
DA:2,7
DA:3,7
DA:26,7
DA:50,7
DA:55,7
LF:6
LH:6
BRF:0
BRH:0
end_of_record
TN:
SF:src/database/models/Property.ts
FNF:0
FNH:0
DA:1,9
DA:2,9
DA:3,9
DA:26,9
DA:54,9
DA:56,9
LF:6
LH:6
BRF:0
BRH:0
end_of_record
TN:
SF:src/database/models/Region.ts
FNF:0
FNH:0
DA:1,8
DA:2,8
DA:30,8
DA:74,8
DA:75,8
DA:77,8
LF:6
LH:6
BRF:0
BRH:0
end_of_record
TN:
SF:src/lib/logger.ts
FNF:0
FNH:0
DA:1,16
DA:3,16
DA:5,16
DA:7,16
DA:8,1
DA:11,16
DA:19,16
LF:7
LH:7
BRDA:7,0,0,1
BRF:1
BRH:1
end_of_record
TN:
SF:src/middleware/authentication-middleware.ts
FN:3,isAuthenticated
FNF:1
FNH:1
FNDA:1,isAuthenticated
DA:3,2
DA:8,1
DA:9,0
DA:11,1
LF:4
LH:3
BRDA:8,0,0,0
BRDA:8,0,1,1
BRF:2
BRH:1
end_of_record
TN:
SF:src/middleware/error-handler.ts
FN:7,(anonymous_7)
FNF:1
FNH:1
FNDA:4,(anonymous_7)
DA:1,2
DA:3,2
DA:5,2
DA:7,2
DA:13,4
DA:14,4
DA:15,4
DA:21,4
DA:27,4
DA:28,4
DA:30,4
DA:33,2
LF:12
LH:12
BRDA:13,0,0,4
BRDA:14,1,0,4
BRDA:14,1,1,1
BRDA:23,2,0,4
BRDA:23,2,1,4
BRF:5
BRH:5
end_of_record
TN:
SF:src/services/CommonService.ts
FN:7,(anonymous_0)
FN:11,(anonymous_1)
FNF:2
FNH:2
FNDA:5,(anonymous_0)
FNDA:1,(anonymous_1)
DA:1,5
DA:8,5
DA:14,1
DA:17,1
DA:21,5
LF:5
LH:5
BRF:0
BRH:0
end_of_record
